0 info it worked if it ends with ok
1 verbose cli [ '/usr/local/bin/node', '/usr/local/bin/npm', 'i', '-g', 'ttab' ]
2 info using npm@3.10.10
3 info using node@v6.9.5
4 silly loadCurrentTree Starting
5 silly install loadCurrentTree
6 silly install readGlobalPackageData
7 silly fetchPackageMetaData ttab
8 silly fetchNamedPackageData ttab
9 silly mapToRegistry name ttab
10 silly mapToRegistry using default registry
11 silly mapToRegistry registry https://registry.npmjs.org/
12 silly mapToRegistry data Result {
12 silly mapToRegistry   raw: 'ttab',
12 silly mapToRegistry   scope: null,
12 silly mapToRegistry   escapedName: 'ttab',
12 silly mapToRegistry   name: 'ttab',
12 silly mapToRegistry   rawSpec: '',
12 silly mapToRegistry   spec: 'latest',
12 silly mapToRegistry   type: 'tag' }
13 silly mapToRegistry uri https://registry.npmjs.org/ttab
14 verbose request uri https://registry.npmjs.org/ttab
15 verbose request no auth needed
16 info attempt registry request try #1 at 4:04:02 PM
17 verbose request id d9115dc22d7cfa72
18 http request GET https://registry.npmjs.org/ttab
19 http 200 https://registry.npmjs.org/ttab
20 verbose headers { 'content-type': 'application/json; charset=UTF-8',
20 verbose headers   server: 'UploadServer',
20 verbose headers   'cache-control': 'max-age=300',
20 verbose headers   'last-modified': 'Mon, 27 Nov 2017 18:27:42 GMT',
20 verbose headers   etag: '"5a1c591e-93a0"',
20 verbose headers   'content-encoding': 'gzip',
20 verbose headers   'content-length': '7485',
20 verbose headers   'accept-ranges': 'bytes',
20 verbose headers   date: 'Thu, 01 Feb 2018 14:04:02 GMT',
20 verbose headers   via: '1.1 varnish',
20 verbose headers   age: '4543',
20 verbose headers   connection: 'keep-alive',
20 verbose headers   'x-served-by': 'cache-fra19144-FRA',
20 verbose headers   'x-cache': 'HIT',
20 verbose headers   'x-cache-hits': '1',
20 verbose headers   'x-timer': 'S1517493843.770257,VS0,VE1',
20 verbose headers   vary: 'Accept-Encoding, Accept' }
21 silly get cb [ 200,
21 silly get   { 'content-type': 'application/json; charset=UTF-8',
21 silly get     server: 'UploadServer',
21 silly get     'cache-control': 'max-age=300',
21 silly get     'last-modified': 'Mon, 27 Nov 2017 18:27:42 GMT',
21 silly get     etag: '"5a1c591e-93a0"',
21 silly get     'content-encoding': 'gzip',
21 silly get     'content-length': '7485',
21 silly get     'accept-ranges': 'bytes',
21 silly get     date: 'Thu, 01 Feb 2018 14:04:02 GMT',
21 silly get     via: '1.1 varnish',
21 silly get     age: '4543',
21 silly get     connection: 'keep-alive',
21 silly get     'x-served-by': 'cache-fra19144-FRA',
21 silly get     'x-cache': 'HIT',
21 silly get     'x-cache-hits': '1',
21 silly get     'x-timer': 'S1517493843.770257,VS0,VE1',
21 silly get     vary: 'Accept-Encoding, Accept' } ]
22 verbose get saving ttab to /Users/theodor/.npm/registry.npmjs.org/ttab/.cache.json
23 verbose correctMkdir /Users/theodor/.npm correctMkdir not in flight; initializing
24 silly install normalizeTree
25 silly loadCurrentTree Finishing
26 silly loadIdealTree Starting
27 silly install loadIdealTree
28 silly cloneCurrentTree Starting
29 silly install cloneCurrentTreeToIdealTree
30 silly cloneCurrentTree Finishing
31 silly loadShrinkwrap Starting
32 silly install loadShrinkwrap
33 silly loadShrinkwrap Finishing
34 silly loadAllDepsIntoIdealTree Starting
35 silly install loadAllDepsIntoIdealTree
36 silly resolveWithNewModule ttab@0.6.1 checking installable status
37 silly cache add args [ 'ttab', null ]
38 verbose cache add spec ttab
39 silly cache add parsed spec Result {
39 silly cache add   raw: 'ttab',
39 silly cache add   scope: null,
39 silly cache add   escapedName: 'ttab',
39 silly cache add   name: 'ttab',
39 silly cache add   rawSpec: '',
39 silly cache add   spec: 'latest',
39 silly cache add   type: 'tag' }
40 silly addNamed ttab@latest
41 verbose addNamed "latest" is being treated as a dist-tag for ttab
42 info addNameTag [ 'ttab', 'latest' ]
43 silly mapToRegistry name ttab
44 silly mapToRegistry using default registry
45 silly mapToRegistry registry https://registry.npmjs.org/
46 silly mapToRegistry data Result {
46 silly mapToRegistry   raw: 'ttab',
46 silly mapToRegistry   scope: null,
46 silly mapToRegistry   escapedName: 'ttab',
46 silly mapToRegistry   name: 'ttab',
46 silly mapToRegistry   rawSpec: '',
46 silly mapToRegistry   spec: 'latest',
46 silly mapToRegistry   type: 'tag' }
47 silly mapToRegistry uri https://registry.npmjs.org/ttab
48 verbose addNameTag registry:https://registry.npmjs.org/ttab not in flight; fetching
49 verbose get https://registry.npmjs.org/ttab not expired, no request
50 silly addNameTag next cb for ttab with tag latest
51 silly addNamed ttab@0.6.1
52 verbose addNamed "0.6.1" is a plain semver version for ttab
53 silly mapToRegistry name ttab
54 silly mapToRegistry using default registry
55 silly mapToRegistry registry https://registry.npmjs.org/
56 silly mapToRegistry data Result {
56 silly mapToRegistry   raw: 'ttab',
56 silly mapToRegistry   scope: null,
56 silly mapToRegistry   escapedName: 'ttab',
56 silly mapToRegistry   name: 'ttab',
56 silly mapToRegistry   rawSpec: '',
56 silly mapToRegistry   spec: 'latest',
56 silly mapToRegistry   type: 'tag' }
57 silly mapToRegistry uri https://registry.npmjs.org/ttab
58 verbose addRemoteTarball https://registry.npmjs.org/ttab/-/ttab-0.6.1.tgz not in flight; adding
59 verbose addRemoteTarball [ 'https://registry.npmjs.org/ttab/-/ttab-0.6.1.tgz',
59 verbose addRemoteTarball   '72001a333d477a92c49f6cb0e83ae07984c66be5' ]
60 info retry fetch attempt 1 at 4:04:02 PM
61 info attempt registry request try #1 at 4:04:02 PM
62 http fetch GET https://registry.npmjs.org/ttab/-/ttab-0.6.1.tgz
63 http fetch 200 https://registry.npmjs.org/ttab/-/ttab-0.6.1.tgz
64 silly fetchAndShaCheck shasum 72001a333d477a92c49f6cb0e83ae07984c66be5
65 verbose addTmpTarball /var/folders/s7/dsnl79f91pq37bjdw7fcflzw0000gp/T/npm-81865-0d73ca33/registry.npmjs.org/ttab/-/ttab-0.6.1.tgz not in flight; adding
66 verbose addTmpTarball already have metadata; skipping unpack for ttab@0.6.1
67 verbose correctMkdir /Users/theodor/.npm correctMkdir not in flight; initializing
68 silly cache afterAdd ttab@0.6.1
69 verbose afterAdd /Users/theodor/.npm/ttab/0.6.1/package/package.json not in flight; writing
70 verbose correctMkdir /Users/theodor/.npm correctMkdir not in flight; initializing
71 verbose afterAdd /Users/theodor/.npm/ttab/0.6.1/package/package.json written
72 silly loadAllDepsIntoIdealTree Finishing
73 silly loadIdealTree Finishing
74 silly currentTree lib
75 silly idealTree lib
75 silly idealTree └── ttab@0.6.1
76 silly generateActionsToTake Starting
77 silly install generateActionsToTake
78 warn checkPermissions Missing write access to /usr/local/lib/node_modules
79 silly rollbackFailedOptional Starting
80 silly rollbackFailedOptional Finishing
81 silly runTopLevelLifecycles Finishing
82 silly install printInstalled
83 verbose stack Error: EACCES: permission denied, access '/usr/local/lib/node_modules'
83 verbose stack     at Error (native)
84 verbose cwd /Users/theodor/Projects/epotek
85 error Darwin 17.3.0
86 error argv "/usr/local/bin/node" "/usr/local/bin/npm" "i" "-g" "ttab"
87 error node v6.9.5
88 error npm  v3.10.10
89 error path /usr/local/lib/node_modules
90 error code EACCES
91 error errno -13
92 error syscall access
93 error Error: EACCES: permission denied, access '/usr/local/lib/node_modules'
93 error     at Error (native)
93 error  { Error: EACCES: permission denied, access '/usr/local/lib/node_modules'
93 error     at Error (native)
93 error   errno: -13,
93 error   code: 'EACCES',
93 error   syscall: 'access',
93 error   path: '/usr/local/lib/node_modules' }
94 error Please try running this command again as root/Administrator.
95 verbose exit [ -13, true ]
